Hmm ... looks like a package
Error in texi2dvi(file = file, pdf = TRUE, clean = clean, quiet = quiet,  : 
  Running 'texi2dvi' on 'Rd2.tex' failed.
Messages:
/usr/local/bin/texi2dvi: makeindex failed
Output:
This is pdfTeX, Version 3.14159265-2.6-1.40.21 (TeX Live 2020) (preloaded format=pdflatex)
 restricted \write18 enabled.
entering extended mode
LaTeX2e <2020-10-01> patch level 1
L3 programming layer <2020-10-05> xparse <2020-03-03>
(./Rd2.tex
(/Users/chiyunwu/Library/TinyTeX/texmf-dist/tex/latex/base/book.cls
Document Class: book 2020/04/10 v1.4m Standard LaTeX document class
(/Users/chiyunwu/Library/TinyTeX/texmf-dist/tex/latex/base/bk10.clo))
(/Library/Frameworks/R.framework/Resources/share/texmf/tex/latex/Rd.sty
(/Users/chiyunwu/Library/TinyTeX/texmf-dist/tex/latex/base/ifthen.sty)
(/Users/chiyunwu/Library/TinyTeX/texmf-dist/tex/latex/tools/longtable.sty)
(/Users/chiyunwu/Library/TinyTeX/texmf-dist/tex/latex/tools/bm.sty)
(/Users/chiyunwu/Library/TinyTeX/texmf-dist/tex/latex/base/alltt.sty)
(/Users/chiyunwu/Library/TinyTeX/texmf-dist/tex/latex/tools/verbatim.sty)
(/Users/chiyunwu/Library/TinyTeX/texmf-dist/tex/latex/url/url.sty)
(/Users/chiyunwu/Library/TinyTeX/texmf-dist/tex/latex/base/textcomp.sty)
(/Users/chiyunwu/Library/TinyTeX/texmf-dist/tex/latex/inconsolata/zi4.sty
`inconsolata-zi4' v1.12, 2019/05/17 Text macros for Inconsolata (msharpe)
(/Users/chiyunwu/Library/TinyTeX/texmf-dist/tex/latex/xkeyval/xkeyval.sty
(/Users/chiyunwu/Library/TinyTeX/texmf-dist/tex/generic/xkeyval/xkeyval.tex
(/Users/chiyunwu/Library/TinyTeX/texmf-dist/tex/generic/xkeyval/xkvutils.tex
(/Users/chiyunwu/Library/TinyTeX/texmf-dist/tex/generic/xkeyval/keyval.tex)))))
 (/Users/chiyunwu/Library/TinyTeX/texmf-dist/tex/latex/graphics/color.sty
(/Users/chiyunwu/Library/TinyTeX/texmf-dist/tex/latex/graphics-cfg/color.cfg)
(/Users/chiyunwu/Library/TinyTeX/texmf-dist/tex/latex/graphics-def/pdftex.def))
 (/Users/chiyunwu/Library/TinyTeX/texmf-dist/tex/latex/hyperref/hyperref.sty
(/Users/chiyunwu/Library/TinyTeX/texmf-dist/tex/generic/ltxcmds/ltxcmds.sty)
(/Users/chiyunwu/Library/TinyTeX/texmf-dist/tex/generic/iftex/iftex.sty)
(/Users/chiyunwu/Library/TinyTeX/texmf-dist/tex/generic/pdftexcmds/pdftexcmds.s
ty
(/Users/chiyunwu/Library/TinyTeX/texmf-dist/tex/generic/infwarerr/infwarerr.sty
))
(/Users/chiyunwu/Library/TinyTeX/texmf-dist/tex/generic/kvsetkeys/kvsetkeys.sty
)
(/Users/chiyunwu/Library/TinyTeX/texmf-dist/tex/generic/kvdefinekeys/kvdefineke
ys.sty)
(/Users/chiyunwu/Library/TinyTeX/texmf-dist/tex/generic/pdfescape/pdfescape.sty
) (/Users/chiyunwu/Library/TinyTeX/texmf-dist/tex/latex/hycolor/hycolor.sty)
(/Users/chiyunwu/Library/TinyTeX/texmf-dist/tex/latex/letltxmacro/letltxmacro.s
ty) (/Users/chiyunwu/Library/TinyTeX/texmf-dist/tex/latex/auxhook/auxhook.sty)
(/Users/chiyunwu/Library/TinyTeX/texmf-dist/tex/latex/kvoptions/kvoptions.sty)
(/Users/chiyunwu/Library/TinyTeX/texmf-dist/tex/latex/hyperref/pd1enc.def)
(/Users/chiyunwu/Library/TinyTeX/texmf-dist/tex/generic/intcalc/intcalc.sty)
(/Users/chiyunwu/Library/TinyTeX/texmf-dist/tex/generic/etexcmds/etexcmds.sty)
(/Users/chiyunwu/Library/TinyTeX/texmf-dist/tex/generic/bitset/bitset.sty
(/Users/chiyunwu/Library/TinyTeX/texmf-dist/tex/generic/bigintcalc/bigintcalc.s
ty))
(/Users/chiyunwu/Library/TinyTeX/texmf-dist/tex/latex/base/atbegshi-ltx.sty))
(/Users/chiyunwu/Library/TinyTeX/texmf-dist/tex/latex/hyperref/hpdftex.def
(/Users/chiyunwu/Library/TinyTeX/texmf-dist/tex/latex/base/atveryend-ltx.sty)
(/Users/chiyunwu/Library/TinyTeX/texmf-dist/tex/latex/rerunfilecheck/rerunfilec
heck.sty
(/Users/chiyunwu/Library/TinyTeX/texmf-dist/tex/generic/uniquecounter/uniquecou
nter.sty)))

Package hyperref Warning: Option `hyperindex' has already been used,
(hyperref)                setting the option has no effect on input line 377.


Package hyperref Warning: Option `pagebackref' has already been used,
(hyperref)                setting the option has no effect on input line 377.

) (/Users/chiyunwu/Library/TinyTeX/texmf-dist/tex/latex/base/makeidx.sty)
(/Users/chiyunwu/Library/TinyTeX/texmf-dist/tex/latex/base/inputenc.sty)
Writing index file Rd2.idx

(/Users/chiyunwu/Library/TinyTeX/texmf-dist/tex/latex/l3backend/l3backend-pdfte
x.def)
No file Rd2.aux.
(/Users/chiyunwu/Library/TinyTeX/texmf-dist/tex/latex/hyperref/nameref.sty
(/Users/chiyunwu/Library/TinyTeX/texmf-dist/tex/latex/refcount/refcount.sty)
(/Users/chiyunwu/Library/TinyTeX/texmf-dist/tex/generic/gettitlestring/gettitle
string.sty))
(/Users/chiyunwu/Library/TinyTeX/texmf-dist/tex/latex/inconsolata/ot1zi4.fd)

LaTeX Font Warning: Font shape `OML/zi4/m/n' undefined
(Font)              using `OML/cmm/m/it' instead
(Font)              for symbol `textless' on input line 22.


Overfull \hbox (8.48575pt too wide) in paragraph at lines 39--42
\OT1/cmr/m/n/10 15.(2.5,0); 16.(2.5,1/5); 17.(2.5,2/5); 18.(2.5,3/5); 19.(2.5,4
/5); 20.(2.5,1); 21.(3,0); 22.(3,1/6);
[1{/Users/chiyunwu/Library/TinyTeX/texmf-var/fonts/map/pdftex/updmap/pdftex.map
}] [2] [3] [4] [5] [6] [7] [8] [9]
Overfull \hbox (5.98257pt too wide) in paragraph at lines 464--465
[]\OT1/cmr/m/n/10 A Al-lelo-scope ob-ject with SNP info and raw seg-men-ta-tion
 ta-ble "seg[]table". 
No file Rd2.ind.
[10]
(/private/var/folders/7_/v8xh2wqn4td_wr0kyvmtfqcr0000gn/T/Rtmpiz0aKM/Rd2pdf6495
1b4184db/Rd2.aux)

Package rerunfilecheck Warning: File `Rd2.out' has changed.
(rerunfilecheck)                Rerun to get outlines right
(rerunfilecheck)                or use package `bookmark'.


LaTeX Font Warning: Some font shapes were not available, defaults substituted.

 )
(see the transcript file for additional information){/Users/chiyunwu/Library/Ti
nyTeX/texmf-dist/fonts/enc/dvips/inconsolata/i4-ot1-0.enc}</Users/chiyunwu/Libr
ary/TinyTeX/texmf-dist/fonts/type1/public/inconsolata/Inconsolata-zi4r.pfb></Us
ers/chiyunwu/Library/TinyTeX/texmf-dist/fonts/type1/public/amsfonts/cm/cmbx10.p
fb></Users/chiyunwu/Library/TinyTeX/texmf-dist/fonts/type1/public/amsfonts/cm/c
mbx12.pfb></Users/chiyunwu/Library/TinyTeX/texmf-dist/fonts/type1/public/amsfon
ts/cm/cmmi10.pfb></Users/chiyunwu/Library/TinyTeX/texmf-dist/fonts/type1/public
/amsfonts/cm/cmr10.pfb></Users/chiyunwu/Library/TinyTeX/texmf-dist/fonts/type1/
public/amsfonts/cm/cmr12.pfb></Users/chiyunwu/Library/TinyTeX/texmf-dist/fonts/
type1/public/amsfonts/cm/cmsl10.pfb></Users/chiyunwu/Library/TinyTeX/texmf-dist
/fonts/type1/public/amsfonts/cm/cmss12.pfb></Users/chiyunwu/Library/TinyTeX/tex
mf-dist/fonts/type1/public/amsfonts/cm/cmti10.pfb>
Output written on Rd2.pdf (10 pages, 142883 bytes).
Transcript written on Rd2.log.
This is pdfTeX, Version 3.14159265-2.6-1.40.21 (TeX Live 2020) (preloaded format=pdflatex)
 restricted \write18 enabled.
entering extended mode
LaTeX2e <2020-10-01> patch level 1
L3 programming layer <2020-10-05> xparse <2020-03-03>
(./Rd2.tex
(/Users/chiyunwu/Library/TinyTeX/texmf-dist/tex/latex/base/book.cls
Document Class: book 2020/04/10 v1.4m Standard LaTeX document class
(/Users/chiyunwu/Library/TinyTeX/texmf-dist/tex/latex/base/bk10.clo))
(/Library/Frameworks/R.framework/Resources/share/texmf/tex/latex/Rd.sty
(/Users/chiyunwu/Library/TinyTeX/texmf-dist/tex/latex/base/ifthen.sty)
(/Users/chiyunwu/Library/TinyTeX/texmf-dist/tex/latex/tools/longtable.sty)
(/Users/chiyunwu/Library/TinyTeX/texmf-dist/tex/latex/tools/bm.sty)
(/Users/chiyunwu/Library/TinyTeX/texmf-dist/tex/latex/base/alltt.sty)
(/Users/chiyunwu/Library/TinyTeX/texmf-dist/tex/latex/tools/verbatim.sty)
(/Users/chiyunwu/Library/TinyTeX/texmf-dist/tex/latex/url/url.sty)
(/Users/chiyunwu/Library/TinyTeX/texmf-dist/tex/latex/base/textcomp.sty)
(/Users/chiyunwu/Library/TinyTeX/texmf-dist/tex/latex/inconsolata/zi4.sty
`inconsolata-zi4' v1.12, 2019/05/17 Text macros for Inconsolata (msharpe)
(/Users/chiyunwu/Library/TinyTeX/texmf-dist/tex/latex/xkeyval/xkeyval.sty
(/Users/chiyunwu/Library/TinyTeX/texmf-dist/tex/generic/xkeyval/xkeyval.tex
(/Users/chiyunwu/Library/TinyTeX/texmf-dist/tex/generic/xkeyval/xkvutils.tex
(/Users/chiyunwu/Library/TinyTeX/texmf-dist/tex/generic/xkeyval/keyval.tex)))))
 (/Users/chiyunwu/Library/TinyTeX/texmf-dist/tex/latex/graphics/color.sty
(/Users/chiyunwu/Library/TinyTeX/texmf-dist/tex/latex/graphics-cfg/color.cfg)
(/Users/chiyunwu/Library/TinyTeX/texmf-dist/tex/latex/graphic

This is pdfTeX, Version 3.14159265-2.6-1.40.21 (TeX Live 2020) (preloaded format=pdflatex)
 restricted \write18 enabled.
entering extended mode
LaTeX2e <2020-10-01> patch level 1
L3 programming layer <2020-10-05> xparse <2020-03-03>
(./Rd2.tex
(/Users/chiyunwu/Library/TinyTeX/texmf-dist/tex/latex/base/book.cls
Document Class: book 2020/04/10 v1.4m Standard LaTeX document class
(/Users/chiyunwu/Library/TinyTeX/texmf-dist/tex/latex/base/bk10.clo))
(/Library/Frameworks/R.framework/Resources/share/texmf/tex/latex/Rd.sty
(/Users/chiyunwu/Library/TinyTeX/texmf-dist/tex/latex/base/ifthen.sty)
(/Users/chiyunwu/Library/TinyTeX/texmf-dist/tex/latex/tools/longtable.sty)
(/Users/chiyunwu/Library/TinyTeX/texmf-dist/tex/latex/tools/bm.sty)
(/Users/chiyunwu/Library/TinyTeX/texmf-dist/tex/latex/base/alltt.sty)
(/Users/chiyunwu/Library/TinyTeX/texmf-dist/tex/latex/tools/verbatim.sty)
(/Users/chiyunwu/Library/TinyTeX/texmf-dist/tex/latex/url/url.sty)
(/Users/chiyunwu/Library/TinyTeX/texmf-dist/tex/latex/base/textcomp.sty)
(/Users/chiyunwu/Library/TinyTeX/texmf-dist/tex/latex/inconsolata/zi4.sty
`inconsolata-zi4' v1.12, 2019/05/17 Text macros for Inconsolata (msharpe)
(/Users/chiyunwu/Library/TinyTeX/texmf-dist/tex/latex/xkeyval/xkeyval.sty
(/Users/chiyunwu/Library/TinyTeX/texmf-dist/tex/generic/xkeyval/xkeyval.tex
(/Users/chiyunwu/Library/TinyTeX/texmf-dist/tex/generic/xkeyval/xkvutils.tex
(/Users/chiyunwu/Library/TinyTeX/texmf-dist/tex/generic/xkeyval/keyval.tex)))))
 (/Users/chiyunwu/Library/TinyTeX/texmf-dist/tex/latex/graphics/color.sty
(/Users/chiyunwu/Library/TinyTeX/texmf-dist/tex/latex/graphics-cfg/color.cfg)
(/Users/chiyunwu/Library/TinyTeX/texmf-dist/tex/latex/graphics-def/pdftex.def))
 (/Users/chiyunwu/Library/TinyTeX/texmf-dist/tex/latex/hyperref/hyperref.sty
(/Users/chiyunwu/Library/TinyTeX/texmf-dist/tex/generic/ltxcmds/ltxcmds.sty)
(/Users/chiyunwu/Library/TinyTeX/texmf-dist/tex/generic/iftex/iftex.sty)
(/Users/chiyunwu/Library/TinyTeX/texmf-dist/tex/generic/pdftexcmds/pdftexcmds.s
ty
(/Users/chiyunwu/Library/TinyTeX/texmf-dist/tex/generic/infwarerr/infwarerr.sty
))
(/Users/chiyunwu/Library/TinyTeX/texmf-dist/tex/generic/kvsetkeys/kvsetkeys.sty
)
(/Users/chiyunwu/Library/TinyTeX/texmf-dist/tex/generic/kvdefinekeys/kvdefineke
ys.sty)
(/Users/chiyunwu/Library/TinyTeX/texmf-dist/tex/generic/pdfescape/pdfescape.sty
) (/Users/chiyunwu/Library/TinyTeX/texmf-dist/tex/latex/hycolor/hycolor.sty)
(/Users/chiyunwu/Library/TinyTeX/texmf-dist/tex/latex/letltxmacro/letltxmacro.s
ty) (/Users/chiyunwu/Library/TinyTeX/texmf-dist/tex/latex/auxhook/auxhook.sty)
(/Users/chiyunwu/Library/TinyTeX/texmf-dist/tex/latex/kvoptions/kvoptions.sty)
(/Users/chiyunwu/Library/TinyTeX/texmf-dist/tex/latex/hyperref/pd1enc.def)
(/Users/chiyunwu/Library/TinyTeX/texmf-dist/tex/generic/intcalc/intcalc.sty)
(/Users/chiyunwu/Library/TinyTeX/texmf-dist/tex/generic/etexcmds/etexcmds.sty)
(/Users/chiyunwu/Library/TinyTeX/texmf-dist/tex/generic/bitset/bitset.sty
(/Users/chiyunwu/Library/TinyTeX/texmf-dist/tex/generic/bigintcalc/bigintcalc.s
ty))
(/Users/chiyunwu/Library/TinyTeX/texmf-dist/tex/latex/base/atbegshi-ltx.sty))
(/Users/chiyunwu/Library/TinyTeX/texmf-dist/tex/latex/hyperref/hpdftex.def
(/Users/chiyunwu/Library/TinyTeX/texmf-dist/tex/latex/base/atveryend-ltx.sty)
(/Users/chiyunwu/Library/TinyTeX/texmf-dist/tex/latex/rerunfilecheck/rerunfilec
heck.sty
(/Users/chiyunwu/Library/TinyTeX/texmf-dist/tex/generic/uniquecounter/uniquecou
nter.sty)))

Package hyperref Warning: Option `hyperindex' has already been used,
(hyperref)                setting the option has no effect on input line 377.


Package hyperref Warning: Option `pagebackref' has already been used,
(hyperref)                setting the option has no effect on input line 377.

) (/Users/chiyunwu/Library/TinyTeX/texmf-dist/tex/latex/base/makeidx.sty)
(/Users/chiyunwu/Library/TinyTeX/texmf-dist/tex/latex/base/inputenc.sty)
Writing index file Rd2.idx

(/Users/chiyunwu/Library/TinyTeX/texmf-dist/tex/latex/l3backend/l3backend-pdfte
x.def)
(/private/var/folders/7_/v8xh2wqn4td_wr0kyvmtfqcr0000gn/T/Rtmpiz0aKM/Rd2pdf6495
1b4184db/Rd2.aux)
(/Users/chiyunwu/Library/TinyTeX/texmf-dist/tex/latex/hyperref/nameref.sty
(/Users/chiyunwu/Library/TinyTeX/texmf-dist/tex/latex/refcount/refcount.sty)
(/Users/chiyunwu/Library/TinyTeX/texmf-dist/tex/generic/gettitlestring/gettitle
string.sty))
(/private/var/folders/7_/v8xh2wqn4td_wr0kyvmtfqcr0000gn/T/Rtmpiz0aKM/Rd2pdf6495
1b4184db/Rd2.out)
(/private/var/folders/7_/v8xh2wqn4td_wr0kyvmtfqcr0000gn/T/Rtmpiz0aKM/Rd2pdf6495
1b4184db/Rd2.out)
(/Users/chiyunwu/Library/TinyTeX/texmf-dist/tex/latex/inconsolata/ot1zi4.fd)

LaTeX Font Warning: Font shape `OML/zi4/m/n' undefined
(Font)              using `OML/cmm/m/it' instead
(Font)              for symbol `textless' on input line 22.


(/private/var/folders/7_/v8xh2wqn4td_wr0kyvmtfqcr0000gn/T/Rtmpiz0aKM/Rd2pdf6495
1b4184db/Rd2.toc) [1{/Users/chiyunwu/Library/TinyTeX/texmf-var/fonts/map/pdftex
/updmap/pdftex.map}]
Overfull \hbox (8.48575pt too wide) in paragraph at lines 39--42
\OT1/cmr/m/n/10 15.(2.5,0); 16.(2.5,1/5); 17.(2.5,2/5); 18.(2.5,3/5); 19.(2.5,4
/5); 20.(2.5,1); 21.(3,0); 22.(3,1/6);
[2] [3] [4] [5] [6] [7] [8] [9]
Overfull \hbox (5.98257pt too wide) in paragraph at lines 464--465
[]\OT1/cmr/m/n/10 A Al-lelo-scope ob-ject with SNP info and raw seg-men-ta-tion
 ta-ble "seg[]table". 
No file Rd2.ind.
[10]
(/private/var/folders/7_/v8xh2wqn4td_wr0kyvmtfqcr0000gn/T/Rtmpiz0aKM/Rd2pdf6495
1b4184db/Rd2.aux)

LaTeX Font Warning: Some font shapes were not available, defaults substituted.

 )
(see the transcript file for additional information){/Users/chiyunwu/Library/Ti
nyTeX/texmf-dist/fonts/enc/dvips/inconsolata/i4-ot1-0.enc}</Users/chiyunwu/Libr
ary/TinyTeX/texmf-dist/fonts/type1/public/inconsolata/Inconsolata-zi4r.pfb></Us
ers/chiyunwu/Library/TinyTeX/texmf-dist/fonts/type1/public/amsfonts/cm/cmbx10.p
fb></Users/chiyunwu/Library/TinyTeX/texmf-dist/fonts/type1/public/amsfonts/cm/c
mbx12.pfb></Users/chiyunwu/Library/TinyTeX/texmf-dist/fonts/type1/public/amsfon
ts/cm/cmmi10.pfb></Users/chiyunwu/Library/TinyTeX/texmf-dist/fonts/type1/public
/amsfonts/cm/cmr10.pfb></Users/chiyunwu/Library/TinyTeX/texmf-dist/fonts/type1/
public/amsfonts/cm/cmr12.pfb></Users/chiyunwu/Library/TinyTeX/texmf-dist/fonts/
type1/public/amsfonts/cm/cmsl10.pfb></Users/chiyunwu/Library/TinyTeX/texmf-dist
/fonts/type1/public/amsfonts/cm/cmss12.pfb></Users/chiyunwu/Library/TinyTeX/tex
mf-dist/fonts/type1/public/amsfonts/cm/cmti10.pfb>
Output written on Rd2.pdf (10 pages, 144638 bytes).
Transcript written on Rd2.log.
Saving output to ‘Alleloscope-manual.pdf’ ...
Done
You may want to clean up by 'rm -Rf /var/folders/7_/v8xh2wqn4td_wr0kyvmtfqcr0000gn/T//Rtmpiz0aKM/Rd2pdf64951b4184db'
